\BOOKMARK [1][-]{section.1}{Notation}{}% 1
\BOOKMARK [2][-]{subsection.1.1}{Reference\040Frames}{section.1}% 2
\BOOKMARK [2][-]{subsection.1.2}{State\040and\040Control}{section.1}% 3
\BOOKMARK [2][-]{subsection.1.3}{Temporal\040Parameters}{section.1}% 4
\BOOKMARK [2][-]{subsection.1.4}{Uncertainty}{section.1}% 5
\BOOKMARK [1][-]{section.2}{Modeling\040Assumptions}{}% 6
\BOOKMARK [2][-]{subsection.2.1}{Time-Scale\040Assumptions}{section.2}% 7
\BOOKMARK [2][-]{subsection.2.2}{Observability\040Assumptions}{section.2}% 8
\BOOKMARK [2][-]{subsection.2.3}{Applicability\040Domain}{section.2}% 9
\BOOKMARK [1][-]{section.3}{Sensor\040Models}{}% 10
\BOOKMARK [2][-]{subsection.3.1}{Inertial\040Measurement\040Unit\040\(IMU\)}{section.3}% 11
\BOOKMARK [2][-]{subsection.3.2}{Doppler\040Velocity\040Log\040\(DVL\)}{section.3}% 12
\BOOKMARK [1][-]{section.4}{Control-Oriented\040Dynamics\040Abstraction}{}% 13
\BOOKMARK [1][-]{section.5}{Heteroscedastic\040Uncertainty\040Modeling}{}% 14
\BOOKMARK [1][-]{section.6}{Learning\040Objective}{}% 15
\BOOKMARK [2][-]{subsection.6.1}{Prediction\040Loss}{section.6}% 16
\BOOKMARK [2][-]{subsection.6.2}{Consistency\040Constraint}{section.6}% 17
\BOOKMARK [2][-]{subsection.6.3}{Total\040Loss}{section.6}% 18
\BOOKMARK [1][-]{section.7}{Multi-Step\040Rollout\040and\040Stability}{}% 19
\BOOKMARK [1][-]{section.8}{Interface\040to\040Control\040Algorithms}{}% 20
\BOOKMARK [1][-]{section.9}{Discussion}{}% 21
\BOOKMARK [1][-]{appendix.A}{Additional\040Derivations}{}% 22
